[debug] [2020-08-23T09:25:20.270Z] ----------------------------------------------------------------------
[debug] [2020-08-23T09:25:20.273Z] Command:       /usr/local/bin/node /usr/local/bin/firebase deploy
[debug] [2020-08-23T09:25:20.274Z] CLI Version:   8.9.0
[debug] [2020-08-23T09:25:20.274Z] Platform:      darwin
[debug] [2020-08-23T09:25:20.274Z] Node Version:  v10.16.3
[debug] [2020-08-23T09:25:20.275Z] Time:          Sun Aug 23 2020 10:25:20 GMT+0100 (British Summer Time)
[debug] [2020-08-23T09:25:20.275Z] ----------------------------------------------------------------------
[debug] [2020-08-23T09:25:20.276Z] 
[debug] [2020-08-23T09:25:20.292Z] > command requires scopes: ["email","openid","https://www.googleapis.com/auth/cloudplatformprojects.readonly","https://www.googleapis.com/auth/firebase","https://www.googleapis.com/auth/cloud-platform"]
[debug] [2020-08-23T09:25:20.293Z] > authorizing via signed-in user
[debug] [2020-08-23T09:25:20.293Z] [iam] checking project agcharalampos-ef2e0 for permissions ["cloudfunctions.functions.create","cloudfunctions.functions.delete","cloudfunctions.functions.get","cloudfunctions.functions.list","cloudfunctions.functions.update","cloudfunctions.operations.get","firebase.projects.get","firebasehosting.sites.update"]
[debug] [2020-08-23T09:25:20.301Z] >>> HTTP REQUEST POST https://cloudresourcemanager.googleapis.com/v1/projects/agcharalampos-ef2e0:testIamPermissions  
 {"permissions":["cloudfunctions.functions.create","cloudfunctions.functions.delete","cloudfunctions.functions.get","cloudfunctions.functions.list","cloudfunctions.functions.update","cloudfunctions.operations.get","firebase.projects.get","firebasehosting.sites.update"]}
[debug] [2020-08-23T09:25:21.065Z] <<< HTTP RESPONSE 200 {"content-type":"application/json; charset=UTF-8","vary":"X-Origin, Referer, Origin,Accept-Encoding","date":"Sun, 23 Aug 2020 09:25:20 GMT","server":"ESF","cache-control":"private","x-xss-protection":"0","x-frame-options":"SAMEORIGIN","x-content-type-options":"nosniff","server-timing":"gfet4t7; dur=131","alt-svc":"h3-29=\":443\"; ma=2592000,h3-27=\":443\"; ma=2592000,h3-T050=\":443\"; ma=2592000,h3-Q050=\":443\"; ma=2592000,h3-Q046=\":443\"; ma=2592000,h3-Q043=\":443\"; ma=2592000,quic=\":443\"; ma=2592000; v=\"46,43\"","accept-ranges":"none","transfer-encoding":"chunked"}
[debug] [2020-08-23T09:25:21.069Z] >>> HTTP REQUEST POST https://iam.googleapis.com/v1/projects/agcharalampos-ef2e0/serviceAccounts/agcharalampos-ef2e0@appspot.gserviceaccount.com:testIamPermissions  
 {"permissions":["iam.serviceAccounts.actAs"]}
[debug] [2020-08-23T09:25:22.124Z] <<< HTTP RESPONSE 200 {"content-type":"application/json; charset=UTF-8","vary":"X-Origin, Referer, Origin,Accept-Encoding","date":"Sun, 23 Aug 2020 09:25:22 GMT","server":"ESF","cache-control":"private","x-xss-protection":"0","x-frame-options":"SAMEORIGIN","x-content-type-options":"nosniff","alt-svc":"h3-29=\":443\"; ma=2592000,h3-27=\":443\"; ma=2592000,h3-T050=\":443\"; ma=2592000,h3-Q050=\":443\"; ma=2592000,h3-Q046=\":443\"; ma=2592000,h3-Q043=\":443\"; ma=2592000,quic=\":443\"; ma=2592000; v=\"46,43\"","accept-ranges":"none","transfer-encoding":"chunked"}
[debug] [2020-08-23T09:25:22.127Z] >>> HTTP REQUEST GET https://firebase.googleapis.com/v1beta1/projects/agcharalampos-ef2e0  
 
[debug] [2020-08-23T09:25:22.798Z] <<< HTTP RESPONSE 200 {"content-type":"application/json; charset=UTF-8","vary":"X-Origin, Referer, Origin,Accept-Encoding","date":"Sun, 23 Aug 2020 09:25:22 GMT","server":"ESF","cache-control":"private","x-xss-protection":"0","x-frame-options":"SAMEORIGIN","x-content-type-options":"nosniff","alt-svc":"h3-29=\":443\"; ma=2592000,h3-27=\":443\"; ma=2592000,h3-T050=\":443\"; ma=2592000,h3-Q050=\":443\"; ma=2592000,h3-Q046=\":443\"; ma=2592000,h3-Q043=\":443\"; ma=2592000,quic=\":443\"; ma=2592000; v=\"46,43\"","accept-ranges":"none","transfer-encoding":"chunked"}
[info] 
[info] === Deploying to 'agcharalampos-ef2e0'...
[info] 
[info] i  deploying functions, hosting 
[debug] [2020-08-23T09:25:26.585Z] > [functions] package.json contents: {
  "name": "functions",
  "description": "Cloud Functions for Firebase",
  "scripts": {
    "serve": "firebase emulators:start --only functions",
    "shell": "firebase functions:shell",
    "start": "npm run shell",
    "deploy": "firebase deploy --only functions",
    "logs": "firebase functions:log"
  },
  "engines": {
    "node": "10"
  },
  "main": "index.js",
  "dependencies": {
    "emailjs-com": "^2.6.3",
    "firebase-admin": "^8.10.0",
    "firebase-functions": "^3.6.1",
    "nodemailer": "^6.4.11"
  },
  "devDependencies": {
    "firebase-functions-test": "^0.2.0"
  },
  "private": true
}
[info] i  functions: ensuring required API cloudfunctions.googleapis.com is enabled... 
[info] i  functions: ensuring required API cloudbuild.googleapis.com is enabled... 
[debug] [2020-08-23T09:25:28.525Z] >>> HTTP REQUEST GET https://serviceusage.googleapis.com/v1/projects/agcharalampos-ef2e0/services/cloudfunctions.googleapis.com  
 
[debug] [2020-08-23T09:25:28.526Z] >>> HTTP REQUEST GET https://serviceusage.googleapis.com/v1/projects/agcharalampos-ef2e0/services/runtimeconfig.googleapis.com  
 
[debug] [2020-08-23T09:25:28.526Z] >>> HTTP REQUEST GET https://serviceusage.googleapis.com/v1/projects/agcharalampos-ef2e0/services/cloudbuild.googleapis.com  
 
[debug] [2020-08-23T09:25:29.425Z] <<< HTTP RESPONSE 200 {"content-type":"application/json; charset=UTF-8","vary":"X-Origin, Referer, Origin,Accept-Encoding","date":"Sun, 23 Aug 2020 09:25:29 GMT","server":"ESF","cache-control":"private","x-xss-protection":"0","x-frame-options":"SAMEORIGIN","x-content-type-options":"nosniff","alt-svc":"h3-29=\":443\"; ma=2592000,h3-27=\":443\"; ma=2592000,h3-T050=\":443\"; ma=2592000,h3-Q050=\":443\"; ma=2592000,h3-Q046=\":443\"; ma=2592000,h3-Q043=\":443\"; ma=2592000,quic=\":443\"; ma=2592000; v=\"46,43\"","accept-ranges":"none","transfer-encoding":"chunked"}
[debug] [2020-08-23T09:25:29.848Z] <<< HTTP RESPONSE 200 {"content-type":"application/json; charset=UTF-8","vary":"X-Origin, Referer, Origin,Accept-Encoding","date":"Sun, 23 Aug 2020 09:25:29 GMT","server":"ESF","cache-control":"private","x-xss-protection":"0","x-frame-options":"SAMEORIGIN","x-content-type-options":"nosniff","alt-svc":"h3-29=\":443\"; ma=2592000,h3-27=\":443\"; ma=2592000,h3-T050=\":443\"; ma=2592000,h3-Q050=\":443\"; ma=2592000,h3-Q046=\":443\"; ma=2592000,h3-Q043=\":443\"; ma=2592000,quic=\":443\"; ma=2592000; v=\"46,43\"","accept-ranges":"none","transfer-encoding":"chunked"}
[info] ✔  functions: required API cloudbuild.googleapis.com is enabled 
[debug] [2020-08-23T09:25:29.894Z] <<< HTTP RESPONSE 200 {"content-type":"application/json; charset=UTF-8","vary":"X-Origin, Referer, Origin,Accept-Encoding","date":"Sun, 23 Aug 2020 09:25:29 GMT","server":"ESF","cache-control":"private","x-xss-protection":"0","x-frame-options":"SAMEORIGIN","x-content-type-options":"nosniff","alt-svc":"h3-29=\":443\"; ma=2592000,h3-27=\":443\"; ma=2592000,h3-T050=\":443\"; ma=2592000,h3-Q050=\":443\"; ma=2592000,h3-Q046=\":443\"; ma=2592000,h3-Q043=\":443\"; ma=2592000,quic=\":443\"; ma=2592000; v=\"46,43\"","accept-ranges":"none","transfer-encoding":"chunked"}
[info] ✔  functions: required API cloudfunctions.googleapis.com is enabled 
[debug] [2020-08-23T09:25:29.895Z] >>> HTTP REQUEST GET https://firebase.googleapis.com/v1beta1/projects/agcharalampos-ef2e0/adminSdkConfig  
 
[debug] [2020-08-23T09:25:30.470Z] <<< HTTP RESPONSE 200 {"content-type":"application/json; charset=UTF-8","vary":"X-Origin, Referer, Origin,Accept-Encoding","date":"Sun, 23 Aug 2020 09:25:30 GMT","server":"ESF","cache-control":"private","x-xss-protection":"0","x-frame-options":"SAMEORIGIN","x-content-type-options":"nosniff","alt-svc":"h3-29=\":443\"; ma=2592000,h3-27=\":443\"; ma=2592000,h3-T050=\":443\"; ma=2592000,h3-Q050=\":443\"; ma=2592000,h3-Q046=\":443\"; ma=2592000,h3-Q043=\":443\"; ma=2592000,quic=\":443\"; ma=2592000; v=\"46,43\"","accept-ranges":"none","transfer-encoding":"chunked"}
[debug] [2020-08-23T09:25:30.473Z] >>> HTTP REQUEST POST https://firebasehosting.googleapis.com/v1beta1/sites/agcharalampos-ef2e0/versions  
 {"config":{"rewrites":[{"glob":"**","path":"/index.html"}]},"labels":{"deployment-tool":"cli-firebase"}}
[debug] [2020-08-23T09:25:32.153Z] <<< HTTP RESPONSE 200 {"content-type":"application/json; charset=UTF-8","vary":"X-Origin, Referer, Origin,Accept-Encoding","date":"Sun, 23 Aug 2020 09:25:32 GMT","server":"ESF","cache-control":"private","x-xss-protection":"0","x-frame-options":"SAMEORIGIN","x-content-type-options":"nosniff","alt-svc":"h3-29=\":443\"; ma=2592000,h3-27=\":443\"; ma=2592000,h3-T050=\":443\"; ma=2592000,h3-Q050=\":443\"; ma=2592000,h3-Q046=\":443\"; ma=2592000,h3-Q043=\":443\"; ma=2592000,quic=\":443\"; ma=2592000; v=\"46,43\"","accept-ranges":"none","transfer-encoding":"chunked"}
[info] i  functions: preparing functions directory for uploading... 
[debug] [2020-08-23T09:25:32.155Z] >>> HTTP REQUEST GET https://runtimeconfig.googleapis.com/v1beta1/projects/agcharalampos-ef2e0/configs  
 
[debug] [2020-08-23T09:25:32.961Z] <<< HTTP RESPONSE 200 {"content-type":"application/json; charset=UTF-8","vary":"X-Origin, Referer, Origin,Accept-Encoding","date":"Sun, 23 Aug 2020 09:25:32 GMT","server":"ESF","cache-control":"private","x-xss-protection":"0","x-frame-options":"SAMEORIGIN","x-content-type-options":"nosniff","alt-svc":"h3-29=\":443\"; ma=2592000,h3-27=\":443\"; ma=2592000,h3-T050=\":443\"; ma=2592000,h3-Q050=\":443\"; ma=2592000,h3-Q046=\":443\"; ma=2592000,h3-Q043=\":443\"; ma=2592000,quic=\":443\"; ma=2592000; v=\"46,43\"","accept-ranges":"none","transfer-encoding":"chunked"}
[info] i  functions: packaged functions (28.39 KB) for uploading 
[debug] [2020-08-23T09:25:33.325Z] >>> HTTP REQUEST GET https://cloudfunctions.googleapis.com/v1/projects/agcharalampos-ef2e0/locations/-/functions  
 
[debug] [2020-08-23T09:25:34.736Z] <<< HTTP RESPONSE 200 {"content-type":"application/json; charset=UTF-8","vary":"X-Origin, Referer, Origin,Accept-Encoding","date":"Sun, 23 Aug 2020 09:25:34 GMT","server":"ESF","cache-control":"private","x-xss-protection":"0","x-frame-options":"SAMEORIGIN","x-content-type-options":"nosniff","alt-svc":"h3-29=\":443\"; ma=2592000,h3-27=\":443\"; ma=2592000,h3-T050=\":443\"; ma=2592000,h3-Q050=\":443\"; ma=2592000,h3-Q046=\":443\"; ma=2592000,h3-Q043=\":443\"; ma=2592000,quic=\":443\"; ma=2592000; v=\"46,43\"","accept-ranges":"none","transfer-encoding":"chunked"}
[debug] [2020-08-23T09:25:34.738Z] >>> HTTP REQUEST POST https://cloudfunctions.googleapis.com/v1/projects/agcharalampos-ef2e0/locations/us-central1/functions:generateUploadUrl  
 
[debug] [2020-08-23T09:25:35.716Z] <<< HTTP RESPONSE 200 {"content-type":"application/json; charset=UTF-8","vary":"X-Origin, Referer, Origin,Accept-Encoding","date":"Sun, 23 Aug 2020 09:25:35 GMT","server":"ESF","cache-control":"private","x-xss-protection":"0","x-frame-options":"SAMEORIGIN","x-content-type-options":"nosniff","alt-svc":"h3-29=\":443\"; ma=2592000,h3-27=\":443\"; ma=2592000,h3-T050=\":443\"; ma=2592000,h3-Q050=\":443\"; ma=2592000,h3-Q046=\":443\"; ma=2592000,h3-Q043=\":443\"; ma=2592000,quic=\":443\"; ma=2592000; v=\"46,43\"","accept-ranges":"none","transfer-encoding":"chunked"}
[debug] [2020-08-23T09:25:35.717Z] >>> HTTP REQUEST PUT https://storage.googleapis.com/gcf-upload-us-central1-ad23c6b4-60f8-42da-ab34-899fc3a3e856/3bca4bf4-e812-481a-b20e-9bd7effb2bca.zip?GoogleAccessId=service-259145211828@gcf-admin-robot.iam.gserviceaccount.com&Expires=1598176535&Signature=CW%2FVmCJZ45te9B2J4qOn%2BSnn3XrvwbS11%2B7SKuCe77uNrkU8niSuI%2F2qByKQ5UNdK6UrC%2BcmKfHvoTLRbZg6%2BmLWsJocB1zePbKI8d4qXXCc%2FAAp0WQs3aKfpGVLK4Yzk9aLQnkEfpP%2FICAZKah9j27%2FrucB0jSP5FVQWVQvfBNyneWVNyquAQczNKFvmuVuUCiEy2Wlr1scs8k8S8ReCmllM%2BZ3r2US0U1ByzYKvXaXgaDJaiiPwRq9ZqaGLUzaMWUT4q5stj%2FZXme%2F9XgyL6h%2FSmLM3x42MixOVHj7CCrlXAgRApQVeEKxUEc7hpn4yYFp23pm%2BEKA7CXIjHPcMA%3D%3D  
 <request body omitted>
[debug] [2020-08-23T09:25:36.455Z] <<< HTTP RESPONSE 200 {"x-guploader-uploadid":"AAANsUnsKprlbKIUKYJbvIoKPLYB2rxr1_MgC1PvGNcmhqcca0nTSl1ksWlbf-G3UK9ON5zGCfPoO9s326_plSPeAEI","etag":"\"a80b6ae79b94b925706c3d31b13738a7\"","x-goog-generation":"1598174736369656","x-goog-metageneration":"1","x-goog-hash":"crc32c=xMDvcg==, md5=qAtq55uUuSVwbD0xsTc4pw==","x-goog-stored-content-length":"29069","x-goog-stored-content-encoding":"identity","vary":"Origin","content-length":"0","date":"Sun, 23 Aug 2020 09:25:36 GMT","server":"UploadServer","content-type":"text/html; charset=UTF-8","alt-svc":"h3-29=\":443\"; ma=2592000,h3-27=\":443\"; ma=2592000,h3-T050=\":443\"; ma=2592000,h3-Q050=\":443\"; ma=2592000,h3-Q046=\":443\"; ma=2592000,h3-Q043=\":443\"; ma=2592000,quic=\":443\"; ma=2592000; v=\"46,43\""}
[info] ✔  functions: functions folder uploaded successfully 
[info] i  hosting[agcharalampos-ef2e0]: beginning deploy... 
[info] i  hosting[agcharalampos-ef2e0]: found 42 files in build 
[debug] [2020-08-23T09:25:36.485Z] [hosting] hash cache [YnVpbGQ] stored for 42 files
[debug] [2020-08-23T09:25:36.485Z] [hosting][hash queue][FINAL] {"max":3,"min":0,"avg":0,"active":0,"complete":42,"success":42,"errored":0,"retried":0,"total":42,"elapsed":8}
[debug] [2020-08-23T09:25:36.486Z] >>> HTTP REQUEST POST https://firebasehosting.googleapis.com/v1beta1/sites/agcharalampos-ef2e0/versions/7aaea2c88f055a09:populateFiles  
 <request body omitted>
[debug] [2020-08-23T09:25:37.931Z] <<< HTTP RESPONSE 200 {"content-type":"application/json; charset=UTF-8","vary":"X-Origin, Referer, Origin,Accept-Encoding","date":"Sun, 23 Aug 2020 09:25:37 GMT","server":"ESF","cache-control":"private","x-xss-protection":"0","x-frame-options":"SAMEORIGIN","x-content-type-options":"nosniff","alt-svc":"h3-29=\":443\"; ma=2592000,h3-27=\":443\"; ma=2592000,h3-T050=\":443\"; ma=2592000,h3-Q050=\":443\"; ma=2592000,h3-Q046=\":443\"; ma=2592000,h3-Q043=\":443\"; ma=2592000,quic=\":443\"; ma=2592000; v=\"46,43\"","accept-ranges":"none","transfer-encoding":"chunked"}
[debug] [2020-08-23T09:25:37.933Z] [hosting][populate queue][FINAL] {"max":1450,"min":1450,"avg":1450,"active":0,"complete":1,"success":1,"errored":0,"retried":0,"total":1,"elapsed":1452}
[debug] [2020-08-23T09:25:37.933Z] [hosting] uploads queued: 0
[debug] [2020-08-23T09:25:37.933Z] [hosting][upload queue][FINAL] {"max":0,"min":9999999999,"avg":0,"active":0,"complete":0,"success":0,"errored":0,"retried":0,"total":0,"elapsed":1598174737933}
[info] ✔  hosting[agcharalampos-ef2e0]: file upload complete 
[debug] [2020-08-23T09:25:37.935Z] [hosting] deploy completed after 1479ms
[info] i  functions: updating Node.js 10 function createUser(us-central1)... 
[debug] [2020-08-23T09:25:38.390Z] Trigger is:  {"eventTrigger":{"resource":"projects/agcharalampos-ef2e0/databases/(default)/documents/users/{userId}","eventType":"providers/cloud.firestore/eventTypes/document.create","service":"firestore.googleapis.com"}}
[debug] [2020-08-23T09:25:38.394Z] >>> HTTP REQUEST PATCH https://cloudfunctions.googleapis.com/v1/projects/agcharalampos-ef2e0/locations/us-central1/functions/createUser {"updateMask":"sourceUploadUrl,name,labels,runtime,environmentVariables,eventTrigger.resource,eventTrigger.eventType,eventTrigger.service,eventTrigger.failurePolicy"} 
 {"sourceUploadUrl":"https://storage.googleapis.com/gcf-upload-us-central1-ad23c6b4-60f8-42da-ab34-899fc3a3e856/3bca4bf4-e812-481a-b20e-9bd7effb2bca.zip?GoogleAccessId=service-259145211828@gcf-admin-robot.iam.gserviceaccount.com&Expires=1598176535&Signature=CW%2FVmCJZ45te9B2J4qOn%2BSnn3XrvwbS11%2B7SKuCe77uNrkU8niSuI%2F2qByKQ5UNdK6UrC%2BcmKfHvoTLRbZg6%2BmLWsJocB1zePbKI8d4qXXCc%2FAAp0WQs3aKfpGVLK4Yzk9aLQnkEfpP%2FICAZKah9j27%2FrucB0jSP5FVQWVQvfBNyneWVNyquAQczNKFvmuVuUCiEy2Wlr1scs8k8S8ReCmllM%2BZ3r2US0U1ByzYKvXaXgaDJaiiPwRq9ZqaGLUzaMWUT4q5stj%2FZXme%2F9XgyL6h%2FSmLM3x42MixOVHj7CCrlXAgRApQVeEKxUEc7hpn4yYFp23pm%2BEKA7CXIjHPcMA%3D%3D","name":"projects/agcharalampos-ef2e0/locations/us-central1/functions/createUser","labels":{"deployment-tool":"cli-firebase"},"eventTrigger":{"resource":"projects/agcharalampos-ef2e0/databases/(default)/documents/users/{userId}","eventType":"providers/cloud.firestore/eventTypes/document.create","service":"firestore.googleapis.com"},"runtime":"nodejs10","environmentVariables":{"FIREBASE_CONFIG":"{\"projectId\":\"agcharalampos-ef2e0\",\"databaseURL\":\"https://agcharalampos-ef2e0.firebaseio.com\",\"storageBucket\":\"agcharalampos-ef2e0.appspot.com\",\"locationId\":\"europe-west\"}"}}
[debug] [2020-08-23T09:25:39.337Z] <<< HTTP RESPONSE 200 {"content-type":"application/json; charset=UTF-8","vary":"X-Origin, Referer, Origin,Accept-Encoding","date":"Sun, 23 Aug 2020 09:25:39 GMT","server":"ESF","cache-control":"private","x-xss-protection":"0","x-frame-options":"SAMEORIGIN","x-content-type-options":"nosniff","alt-svc":"h3-29=\":443\"; ma=2592000,h3-27=\":443\"; ma=2592000,h3-T050=\":443\"; ma=2592000,h3-Q050=\":443\"; ma=2592000,h3-Q046=\":443\"; ma=2592000,h3-Q043=\":443\"; ma=2592000,quic=\":443\"; ma=2592000; v=\"46,43\"","accept-ranges":"none","transfer-encoding":"chunked"}
[debug] [2020-08-23T09:25:39.339Z] >>> HTTP REQUEST GET https://cloudfunctions.googleapis.com/v1/operations/YWdjaGFyYWxhbXBvcy1lZjJlMC91cy1jZW50cmFsMS9jcmVhdGVVc2VyL3AwV0Ewdk5TcmJj  
 
[debug] [2020-08-23T09:25:39.910Z] <<< HTTP RESPONSE 200 {"content-type":"application/json; charset=UTF-8","vary":"X-Origin, Referer, Origin,Accept-Encoding","date":"Sun, 23 Aug 2020 09:25:39 GMT","server":"ESF","cache-control":"private","x-xss-protection":"0","x-frame-options":"SAMEORIGIN","x-content-type-options":"nosniff","alt-svc":"h3-29=\":443\"; ma=2592000,h3-27=\":443\"; ma=2592000,h3-T050=\":443\"; ma=2592000,h3-Q050=\":443\"; ma=2592000,h3-Q046=\":443\"; ma=2592000,h3-Q043=\":443\"; ma=2592000,quic=\":443\"; ma=2592000; v=\"46,43\"","accept-ranges":"none","transfer-encoding":"chunked"}
[debug] [2020-08-23T09:25:41.912Z] >>> HTTP REQUEST GET https://cloudfunctions.googleapis.com/v1/operations/YWdjaGFyYWxhbXBvcy1lZjJlMC91cy1jZW50cmFsMS9jcmVhdGVVc2VyL3AwV0Ewdk5TcmJj  
 
[debug] [2020-08-23T09:25:42.417Z] <<< HTTP RESPONSE 200 {"content-type":"application/json; charset=UTF-8","vary":"X-Origin, Referer, Origin,Accept-Encoding","date":"Sun, 23 Aug 2020 09:25:42 GMT","server":"ESF","cache-control":"private","x-xss-protection":"0","x-frame-options":"SAMEORIGIN","x-content-type-options":"nosniff","alt-svc":"h3-29=\":443\"; ma=2592000,h3-27=\":443\"; ma=2592000,h3-T050=\":443\"; ma=2592000,h3-Q050=\":443\"; ma=2592000,h3-Q046=\":443\"; ma=2592000,h3-Q043=\":443\"; ma=2592000,quic=\":443\"; ma=2592000; v=\"46,43\"","accept-ranges":"none","transfer-encoding":"chunked"}
[debug] [2020-08-23T09:25:44.421Z] >>> HTTP REQUEST GET https://cloudfunctions.googleapis.com/v1/operations/YWdjaGFyYWxhbXBvcy1lZjJlMC91cy1jZW50cmFsMS9jcmVhdGVVc2VyL3AwV0Ewdk5TcmJj  
 
